<?xml version="1.0" encoding="UTF-8"?>
<testng-results skipped="0" failed="0" ignored="0" total="1" passed="1">
  <reporter-output>
  </reporter-output>
  <suite name="Suite" duration-ms="20547" started-at="2019-04-26T16:48:13Z" finished-at="2019-04-26T16:48:33Z">
    <groups>
    </groups>
    <test name="Test" duration-ms="20547" started-at="2019-04-26T16:48:13Z" finished-at="2019-04-26T16:48:33Z">
      <class name="mavenProject.OpenSeleniumLink">
        <test-method status="PASS" signature="test1()[pri:0, instance:mavenProject.OpenSeleniumLink@21bcffb5]" name="test1" duration-ms="20509" started-at="2019-04-26T16:48:13Z" finished-at="2019-04-26T16:48:33Z">
          <reporter-output>
          </reporter-output>
        </test-method> <!-- test1 -->
      </class> <!-- mavenProject.OpenSeleniumLink -->
    </test> <!-- Test -->
  </suite> <!-- Suite -->
</testng-results>
