<?xml version="1.0" encoding="UTF-8"?>
<testng-results skipped="0" failed="0" ignored="0" total="1" passed="1">
  <reporter-output>
  </reporter-output>
  <suite name="Suite" duration-ms="16244" started-at="2019-04-25T16:56:08Z" finished-at="2019-04-25T16:56:24Z">
    <groups>
    </groups>
    <test name="Test" duration-ms="16244" started-at="2019-04-25T16:56:08Z" finished-at="2019-04-25T16:56:24Z">
      <class name="mavenProject.OpenSeleniumLink">
        <test-method status="PASS" signature="test1()[pri:0, instance:mavenProject.OpenSeleniumLink@cb5822]" name="test1" duration-ms="16194" started-at="2019-04-25T16:56:08Z" finished-at="2019-04-25T16:56:24Z">
          <reporter-output>
          </reporter-output>
        </test-method> <!-- test1 -->
      </class> <!-- mavenProject.OpenSeleniumLink -->
    </test> <!-- Test -->
  </suite> <!-- Suite -->
</testng-results>
